<?xml version="1.0" encoding="UTF-8"?>
<testsuite xmlns:xsi="http://www.w3.org/2001/XMLSchema-instance" xsi:noNamespaceSchemaLocation="https://maven.apache.org/surefire/maven-surefire-plugin/xsd/surefire-test-report-3.0.xsd" version="3.0" name="com.example.UserDAOTest" time="1.147" tests="14" errors="0" skipped="0" failures="0">
  <properties>
[...]
</properties>
  <testcase name="testDatabaseConnection" classname="com.example.UserDAOTest" time="0.49">
    <system-out><![CDATA[
[TEST 10] testDatabaseConnection - Iniciando...
[TEST 10] ✅ ÉXITO - Conexión a base de datos funcionando correctamente
]]></system-out>
  </testcase>
  <testcase name="testCreateUserWithNullName" classname="com.example.UserDAOTest" time="0.033">
    <system-out><![CDATA[
[TEST 4a] testCreateUserWithNullName - Iniciando...
[TEST 4a] ✅ ÉXITO - SQLException lanzada correctamente para nombre nulo
]]></system-out>
  </testcase>
  <testcase name="testGetNonExistentUserById" classname="com.example.UserDAOTest" time="0.068">
    <system-out><![CDATA[
[TEST 9] testGetNonExistentUserById - Iniciando...
[TEST 9] ✅ ÉXITO - Usuario inexistente retornó null correctamente
]]></system-out>
  </testcase>
  <testcase name="testUpdateNonExistentUser" classname="com.example.UserDAOTest" time="0.053">
    <system-out><![CDATA[
[TEST 4d] testUpdateNonExistentUser - Iniciando...
[TEST 4d] ✅ ÉXITO - Actualización de usuario inexistente falló correctamente
]]></system-out>
  </testcase>
  <testcase name="testSearchFunctionality" classname="com.example.UserDAOTest" time="0.079">
    <system-out><![CDATA[
[TEST 5] testSearchFunctionality - Iniciando...
[TEST 5] ✅ ÉXITO - Búsqueda encontró 3 usuarios con 'John'
]]></system-out>
  </testcase>
  <testcase name="testGetAllUsers" classname="com.example.UserDAOTest" time="0.065">
    <system-out><![CDATA[
[TEST 7] testGetAllUsers - Iniciando...
[TEST 7] ✅ ÉXITO - Se obtuvieron todos los usuarios (3 usuarios)
]]></system-out>
  </testcase>
  <testcase name="testSearchWithNoMatches" classname="com.example.UserDAOTest" time="0.057">
    <system-out><![CDATA[
[TEST 6] testSearchWithNoMatches - Iniciando...
[TEST 6] ✅ ÉXITO - Búsqueda sin coincidencias retornó lista vacía
]]></system-out>
  </testcase>
  <testcase name="testCreateUserWithNullEmail" classname="com.example.UserDAOTest" time="0.029">
    <system-out><![CDATA[
[TEST 4b] testCreateUserWithNullEmail - Iniciando...
[TEST 4b] ✅ ÉXITO - SQLException lanzada correctamente para email nulo
]]></system-out>
  </testcase>
  <testcase name="testCreateUserWithNegativeAge" classname="com.example.UserDAOTest" time="0.034">
    <system-out><![CDATA[
[TEST 4c] testCreateUserWithNegativeAge - Iniciando...
[TEST 4c] ✅ ÉXITO - Usuario con edad negativa creado (sin validación de negocio)
]]></system-out>
  </testcase>
  <testcase name="testDeleteUser" classname="com.example.UserDAOTest" time="0.051">
    <system-out><![CDATA[
[TEST 3] testDeleteUser - Iniciando...
[TEST 3] ✅ ÉXITO - Usuario eliminado correctamente
]]></system-out>
  </testcase>
  <testcase name="testGetUserById" classname="com.example.UserDAOTest" time="0.034">
    <system-out><![CDATA[
[TEST 8] testGetUserById - Iniciando...
[TEST 8] ✅ ÉXITO - Usuario recuperado por ID correctamente
]]></system-out>
  </testcase>
  <testcase name="testCreateUserWithValidData" classname="com.example.UserDAOTest" time="0.053">
    <system-out><![CDATA[
[TEST 1] testCreateUserWithValidData - Iniciando...
[TEST 1] ✅ ÉXITO - Usuario creado correctamente con ID: 1
]]></system-out>
  </testcase>
  <testcase name="testDeleteNonExistentUser" classname="com.example.UserDAOTest" time="0.031">
    <system-out><![CDATA[
[TEST 4e] testDeleteNonExistentUser - Iniciando...
[TEST 4e] ✅ ÉXITO - Eliminación de usuario inexistente falló correctamente
]]></system-out>
  </testcase>
  <testcase name="testUpdateUserWithValidData" classname="com.example.UserDAOTest" time="0.044">
    <system-out><![CDATA[
[TEST 2] testUpdateUserWithValidData - Iniciando...
[TEST 2] ✅ ÉXITO - Usuario actualizado correctamente
]]></system-out>
  </testcase>
</testsuite>